<?xml version="1.0" encoding="UTF-8"?>
<!-- Generated by org.testng.reporters.JUnitReportReporter -->
<testsuite skipped="0" hostname="ZIPLBLRSY112" name="tests.AddBook" tests="3" failures="0" timestamp="25 Jan 2019 06:28:54 GMT" time="1.583" errors="0">
  <testcase name="verifyAddingBooks" time="0.107" classname="tests.AddBook"/>
  <testcase name="verifyAddingBooks" time="0.077" classname="tests.AddBook"/>
  <testcase name="verifyAddingBooks" time="1.399" classname="tests.AddBook"/>
</testsuite> <!-- tests.AddBook -->
